The system is: Darwin - 13.4.0 - x86_64
Compiling the C compiler identification source file "CMakeCCompilerId.c" succeeded.
Compiler: /usr/bin/cc 
Build flags: -Qunused-arguments
Id flags: 

The output was:
0


Compilation of the C compiler identification source "CMakeCCompilerId.c" produced "a.out"

The C compiler identification is AppleClang, found in "/Users/pgao/programming/corgi_detector/src/build/CMakeFiles/3.1.1/CompilerIdC/a.out"

Compiling the CXX compiler identification source file "CMakeCXXCompilerId.cpp" succeeded.
Compiler: /usr/bin/c++ 
Build flags: 
Id flags: 

The output was:
0


Compilation of the CXX compiler identification source "CMakeCXXCompilerId.cpp" produced "a.out"

The CXX compiler identification is AppleClang, found in "/Users/pgao/programming/corgi_detector/src/build/CMakeFiles/3.1.1/CompilerIdCXX/a.out"

Determining if the C compiler works passed with the following output:
Change Dir: /Users/pgao/programming/corgi_detector/src/build/CMakeFiles/CMakeTmp

Run Build Command:"/usr/bin/make" "cmTryCompileExec2178158896/fast"
/Applications/Xcode.app/Contents/Developer/usr/bin/make -f CMakeFiles/cmTryCompileExec2178158896.dir/build.make CMakeFiles/cmTryCompileExec2178158896.dir/build
/usr/local/Cellar/cmake/3.1.1_1/bin/cmake -E cmake_progress_report /Users/pgao/programming/corgi_detector/src/build/CMakeFiles/CMakeTmp/CMakeFiles 1
Building C object CMakeFiles/cmTryCompileExec2178158896.dir/testCCompiler.c.o
/usr/bin/cc   -Qunused-arguments     -o CMakeFiles/cmTryCompileExec2178158896.dir/testCCompiler.c.o   -c /Users/pgao/programming/corgi_detector/src/build/CMakeFiles/CMakeTmp/testCCompiler.c
Linking C executable cmTryCompileExec2178158896
/usr/local/Cellar/cmake/3.1.1_1/bin/cmake -E cmake_link_script CMakeFiles/cmTryCompileExec2178158896.dir/link.txt --verbose=1
/usr/bin/cc  -Qunused-arguments   -Wl,-search_paths_first -Wl,-headerpad_max_install_names  CMakeFiles/cmTryCompileExec2178158896.dir/testCCompiler.c.o  -o cmTryCompileExec2178158896  


Detecting C compiler ABI info compiled with the following output:
Change Dir: /Users/pgao/programming/corgi_detector/src/build/CMakeFiles/CMakeTmp

Run Build Command:"/usr/bin/make" "cmTryCompileExec1573580606/fast"
/Applications/Xcode.app/Contents/Developer/usr/bin/make -f CMakeFiles/cmTryCompileExec1573580606.dir/build.make CMakeFiles/cmTryCompileExec1573580606.dir/build
/usr/local/Cellar/cmake/3.1.1_1/bin/cmake -E cmake_progress_report /Users/pgao/programming/corgi_detector/src/build/CMakeFiles/CMakeTmp/CMakeFiles 1
Building C object CMakeFiles/cmTryCompileExec1573580606.dir/CMakeCCompilerABI.c.o
/usr/bin/cc   -Qunused-arguments     -o CMakeFiles/cmTryCompileExec1573580606.dir/CMakeCCompilerABI.c.o   -c /usr/local/Cellar/cmake/3.1.1_1/share/cmake/Modules/CMakeCCompilerABI.c
Linking C executable cmTryCompileExec1573580606
/usr/local/Cellar/cmake/3.1.1_1/bin/cmake -E cmake_link_script CMakeFiles/cmTryCompileExec1573580606.dir/link.txt --verbose=1
/usr/bin/cc  -Qunused-arguments   -Wl,-search_paths_first -Wl,-headerpad_max_install_names -v -Wl,-v CMakeFiles/cmTryCompileExec1573580606.dir/CMakeCCompilerABI.c.o  -o cmTryCompileExec1573580606   
Apple LLVM version 6.0 (clang-600.0.56) (based on LLVM 3.5svn)
Target: x86_64-apple-darwin13.4.0
Thread model: posix
 "/Applications/Xcode.app/Contents/Developer/Toolchains/XcodeDefault.xctoolchain/usr/bin/ld" -demangle -dynamic -arch x86_64 -macosx_version_min 10.9.0 -o cmTryCompileExec1573580606 -search_paths_first -headerpad_max_install_names -v CMakeFiles/cmTryCompileExec1573580606.dir/CMakeCCompilerABI.c.o -lSystem /Applications/Xcode.app/Contents/Developer/Toolchains/XcodeDefault.xctoolchain/usr/bin/../lib/clang/6.0/lib/darwin/libclang_rt.osx.a
@(#)PROGRAM:ld  PROJECT:ld64-241.9
configured to support archs: armv6 armv7 armv7s arm64 i386 x86_64 x86_64h armv6m armv7m armv7em
Library search paths:
	/usr/lib
	/usr/local/lib
Framework search paths:
	/Library/Frameworks/
	/System/Library/Frameworks/


Parsed C implicit link information from above output:
  link line regex: [^( *|.*[/\])(ld|([^/\]+-)?ld|collect2)[^/\]*( |$)]
  ignore line: [Change Dir: /Users/pgao/programming/corgi_detector/src/build/CMakeFiles/CMakeTmp]
  ignore line: []
  ignore line: [Run Build Command:"/usr/bin/make" "cmTryCompileExec1573580606/fast"]
  ignore line: [/Applications/Xcode.app/Contents/Developer/usr/bin/make -f CMakeFiles/cmTryCompileExec1573580606.dir/build.make CMakeFiles/cmTryCompileExec1573580606.dir/build]
  ignore line: [/usr/local/Cellar/cmake/3.1.1_1/bin/cmake -E cmake_progress_report /Users/pgao/programming/corgi_detector/src/build/CMakeFiles/CMakeTmp/CMakeFiles 1]
  ignore line: [Building C object CMakeFiles/cmTryCompileExec1573580606.dir/CMakeCCompilerABI.c.o]
  ignore line: [/usr/bin/cc   -Qunused-arguments     -o CMakeFiles/cmTryCompileExec1573580606.dir/CMakeCCompilerABI.c.o   -c /usr/local/Cellar/cmake/3.1.1_1/share/cmake/Modules/CMakeCCompilerABI.c]
  ignore line: [Linking C executable cmTryCompileExec1573580606]
  ignore line: [/usr/local/Cellar/cmake/3.1.1_1/bin/cmake -E cmake_link_script CMakeFiles/cmTryCompileExec1573580606.dir/link.txt --verbose=1]
  ignore line: [/usr/bin/cc  -Qunused-arguments   -Wl,-search_paths_first -Wl,-headerpad_max_install_names -v -Wl,-v CMakeFiles/cmTryCompileExec1573580606.dir/CMakeCCompilerABI.c.o  -o cmTryCompileExec1573580606   ]
  ignore line: [Apple LLVM version 6.0 (clang-600.0.56) (based on LLVM 3.5svn)]
  ignore line: [Target: x86_64-apple-darwin13.4.0]
  ignore line: [Thread model: posix]
  link line: [ "/Applications/Xcode.app/Contents/Developer/Toolchains/XcodeDefault.xctoolchain/usr/bin/ld" -demangle -dynamic -arch x86_64 -macosx_version_min 10.9.0 -o cmTryCompileExec1573580606 -search_paths_first -headerpad_max_install_names -v CMakeFiles/cmTryCompileExec1573580606.dir/CMakeCCompilerABI.c.o -lSystem /Applications/Xcode.app/Contents/Developer/Toolchains/XcodeDefault.xctoolchain/usr/bin/../lib/clang/6.0/lib/darwin/libclang_rt.osx.a]
    arg [/Applications/Xcode.app/Contents/Developer/Toolchains/XcodeDefault.xctoolchain/usr/bin/ld] ==> ignore
    arg [-demangle] ==> ignore
    arg [-dynamic] ==> ignore
    arg [-arch] ==> ignore
    arg [x86_64] ==> ignore
    arg [-macosx_version_min] ==> ignore
    arg [10.9.0] ==> ignore
    arg [-o] ==> ignore
    arg [cmTryCompileExec1573580606] ==> ignore
    arg [-search_paths_first] ==> ignore
    arg [-headerpad_max_install_names] ==> ignore
    arg [-v] ==> ignore
    arg [CMakeFiles/cmTryCompileExec1573580606.dir/CMakeCCompilerABI.c.o] ==> ignore
    arg [-lSystem] ==> lib [System]
    arg [/Applications/Xcode.app/Contents/Developer/Toolchains/XcodeDefault.xctoolchain/usr/bin/../lib/clang/6.0/lib/darwin/libclang_rt.osx.a] ==> lib [/Applications/Xcode.app/Contents/Developer/Toolchains/XcodeDefault.xctoolchain/usr/bin/../lib/clang/6.0/lib/darwin/libclang_rt.osx.a]
  Library search paths: [;/usr/lib;/usr/local/lib]
  Framework search paths: [;/Library/Frameworks/;/System/Library/Frameworks/]
  remove lib [System]
  collapse lib [/Applications/Xcode.app/Contents/Developer/Toolchains/XcodeDefault.xctoolchain/usr/bin/../lib/clang/6.0/lib/darwin/libclang_rt.osx.a] ==> [/Applications/Xcode.app/Contents/Developer/Toolchains/XcodeDefault.xctoolchain/usr/lib/clang/6.0/lib/darwin/libclang_rt.osx.a]
  collapse library dir [/usr/lib] ==> [/usr/lib]
  collapse library dir [/usr/local/lib] ==> [/usr/local/lib]
  collapse framework dir [/Library/Frameworks/] ==> [/Library/Frameworks]
  collapse framework dir [/System/Library/Frameworks/] ==> [/System/Library/Frameworks]
  implicit libs: [/Applications/Xcode.app/Contents/Developer/Toolchains/XcodeDefault.xctoolchain/usr/lib/clang/6.0/lib/darwin/libclang_rt.osx.a]
  implicit dirs: [/usr/lib;/usr/local/lib]
  implicit fwks: [/Library/Frameworks;/System/Library/Frameworks]


Determining if the CXX compiler works passed with the following output:
Change Dir: /Users/pgao/programming/corgi_detector/src/build/CMakeFiles/CMakeTmp

Run Build Command:"/usr/bin/make" "cmTryCompileExec1223989531/fast"
/Applications/Xcode.app/Contents/Developer/usr/bin/make -f CMakeFiles/cmTryCompileExec1223989531.dir/build.make CMakeFiles/cmTryCompileExec1223989531.dir/build
/usr/local/Cellar/cmake/3.1.1_1/bin/cmake -E cmake_progress_report /Users/pgao/programming/corgi_detector/src/build/CMakeFiles/CMakeTmp/CMakeFiles 1
Building CXX object CMakeFiles/cmTryCompileExec1223989531.dir/testCXXCompiler.cxx.o
/usr/bin/c++     -o CMakeFiles/cmTryCompileExec1223989531.dir/testCXXCompiler.cxx.o -c /Users/pgao/programming/corgi_detector/src/build/CMakeFiles/CMakeTmp/testCXXCompiler.cxx
Linking CXX executable cmTryCompileExec1223989531
/usr/local/Cellar/cmake/3.1.1_1/bin/cmake -E cmake_link_script CMakeFiles/cmTryCompileExec1223989531.dir/link.txt --verbose=1
/usr/bin/c++     -Wl,-search_paths_first -Wl,-headerpad_max_install_names  CMakeFiles/cmTryCompileExec1223989531.dir/testCXXCompiler.cxx.o  -o cmTryCompileExec1223989531  


Detecting CXX compiler ABI info compiled with the following output:
Change Dir: /Users/pgao/programming/corgi_detector/src/build/CMakeFiles/CMakeTmp

Run Build Command:"/usr/bin/make" "cmTryCompileExec228918230/fast"
/Applications/Xcode.app/Contents/Developer/usr/bin/make -f CMakeFiles/cmTryCompileExec228918230.dir/build.make CMakeFiles/cmTryCompileExec228918230.dir/build
/usr/local/Cellar/cmake/3.1.1_1/bin/cmake -E cmake_progress_report /Users/pgao/programming/corgi_detector/src/build/CMakeFiles/CMakeTmp/CMakeFiles 1
Building CXX object CMakeFiles/cmTryCompileExec228918230.dir/CMakeCXXCompilerABI.cpp.o
/usr/bin/c++     -o CMakeFiles/cmTryCompileExec228918230.dir/CMakeCXXCompilerABI.cpp.o -c /usr/local/Cellar/cmake/3.1.1_1/share/cmake/Modules/CMakeCXXCompilerABI.cpp
Linking CXX executable cmTryCompileExec228918230
/usr/local/Cellar/cmake/3.1.1_1/bin/cmake -E cmake_link_script CMakeFiles/cmTryCompileExec228918230.dir/link.txt --verbose=1
/usr/bin/c++     -Wl,-search_paths_first -Wl,-headerpad_max_install_names -v -Wl,-v CMakeFiles/cmTryCompileExec228918230.dir/CMakeCXXCompilerABI.cpp.o  -o cmTryCompileExec228918230   
Apple LLVM version 6.0 (clang-600.0.56) (based on LLVM 3.5svn)
Target: x86_64-apple-darwin13.4.0
Thread model: posix
 "/Applications/Xcode.app/Contents/Developer/Toolchains/XcodeDefault.xctoolchain/usr/bin/ld" -demangle -dynamic -arch x86_64 -macosx_version_min 10.9.0 -o cmTryCompileExec228918230 -search_paths_first -headerpad_max_install_names -v CMakeFiles/cmTryCompileExec228918230.dir/CMakeCXXCompilerABI.cpp.o -lc++ -lSystem /Applications/Xcode.app/Contents/Developer/Toolchains/XcodeDefault.xctoolchain/usr/bin/../lib/clang/6.0/lib/darwin/libclang_rt.osx.a
@(#)PROGRAM:ld  PROJECT:ld64-241.9
configured to support archs: armv6 armv7 armv7s arm64 i386 x86_64 x86_64h armv6m armv7m armv7em
Library search paths:
	/usr/lib
	/usr/local/lib
Framework search paths:
	/Library/Frameworks/
	/System/Library/Frameworks/


Parsed CXX implicit link information from above output:
  link line regex: [^( *|.*[/\])(ld|([^/\]+-)?ld|collect2)[^/\]*( |$)]
  ignore line: [Change Dir: /Users/pgao/programming/corgi_detector/src/build/CMakeFiles/CMakeTmp]
  ignore line: []
  ignore line: [Run Build Command:"/usr/bin/make" "cmTryCompileExec228918230/fast"]
  ignore line: [/Applications/Xcode.app/Contents/Developer/usr/bin/make -f CMakeFiles/cmTryCompileExec228918230.dir/build.make CMakeFiles/cmTryCompileExec228918230.dir/build]
  ignore line: [/usr/local/Cellar/cmake/3.1.1_1/bin/cmake -E cmake_progress_report /Users/pgao/programming/corgi_detector/src/build/CMakeFiles/CMakeTmp/CMakeFiles 1]
  ignore line: [Building CXX object CMakeFiles/cmTryCompileExec228918230.dir/CMakeCXXCompilerABI.cpp.o]
  ignore line: [/usr/bin/c++     -o CMakeFiles/cmTryCompileExec228918230.dir/CMakeCXXCompilerABI.cpp.o -c /usr/local/Cellar/cmake/3.1.1_1/share/cmake/Modules/CMakeCXXCompilerABI.cpp]
  ignore line: [Linking CXX executable cmTryCompileExec228918230]
  ignore line: [/usr/local/Cellar/cmake/3.1.1_1/bin/cmake -E cmake_link_script CMakeFiles/cmTryCompileExec228918230.dir/link.txt --verbose=1]
  ignore line: [/usr/bin/c++     -Wl,-search_paths_first -Wl,-headerpad_max_install_names -v -Wl,-v CMakeFiles/cmTryCompileExec228918230.dir/CMakeCXXCompilerABI.cpp.o  -o cmTryCompileExec228918230   ]
  ignore line: [Apple LLVM version 6.0 (clang-600.0.56) (based on LLVM 3.5svn)]
  ignore line: [Target: x86_64-apple-darwin13.4.0]
  ignore line: [Thread model: posix]
  link line: [ "/Applications/Xcode.app/Contents/Developer/Toolchains/XcodeDefault.xctoolchain/usr/bin/ld" -demangle -dynamic -arch x86_64 -macosx_version_min 10.9.0 -o cmTryCompileExec228918230 -search_paths_first -headerpad_max_install_names -v CMakeFiles/cmTryCompileExec228918230.dir/CMakeCXXCompilerABI.cpp.o -lc++ -lSystem /Applications/Xcode.app/Contents/Developer/Toolchains/XcodeDefault.xctoolchain/usr/bin/../lib/clang/6.0/lib/darwin/libclang_rt.osx.a]
    arg [/Applications/Xcode.app/Contents/Developer/Toolchains/XcodeDefault.xctoolchain/usr/bin/ld] ==> ignore
    arg [-demangle] ==> ignore
    arg [-dynamic] ==> ignore
    arg [-arch] ==> ignore
    arg [x86_64] ==> ignore
    arg [-macosx_version_min] ==> ignore
    arg [10.9.0] ==> ignore
    arg [-o] ==> ignore
    arg [cmTryCompileExec228918230] ==> ignore
    arg [-search_paths_first] ==> ignore
    arg [-headerpad_max_install_names] ==> ignore
    arg [-v] ==> ignore
    arg [CMakeFiles/cmTryCompileExec228918230.dir/CMakeCXXCompilerABI.cpp.o] ==> ignore
    arg [-lc++] ==> lib [c++]
    arg [-lSystem] ==> lib [System]
    arg [/Applications/Xcode.app/Contents/Developer/Toolchains/XcodeDefault.xctoolchain/usr/bin/../lib/clang/6.0/lib/darwin/libclang_rt.osx.a] ==> lib [/Applications/Xcode.app/Contents/Developer/Toolchains/XcodeDefault.xctoolchain/usr/bin/../lib/clang/6.0/lib/darwin/libclang_rt.osx.a]
  Library search paths: [;/usr/lib;/usr/local/lib]
  Framework search paths: [;/Library/Frameworks/;/System/Library/Frameworks/]
  remove lib [System]
  collapse lib [/Applications/Xcode.app/Contents/Developer/Toolchains/XcodeDefault.xctoolchain/usr/bin/../lib/clang/6.0/lib/darwin/libclang_rt.osx.a] ==> [/Applications/Xcode.app/Contents/Developer/Toolchains/XcodeDefault.xctoolchain/usr/lib/clang/6.0/lib/darwin/libclang_rt.osx.a]
  collapse library dir [/usr/lib] ==> [/usr/lib]
  collapse library dir [/usr/local/lib] ==> [/usr/local/lib]
  collapse framework dir [/Library/Frameworks/] ==> [/Library/Frameworks]
  collapse framework dir [/System/Library/Frameworks/] ==> [/System/Library/Frameworks]
  implicit libs: [c++;/Applications/Xcode.app/Contents/Developer/Toolchains/XcodeDefault.xctoolchain/usr/lib/clang/6.0/lib/darwin/libclang_rt.osx.a]
  implicit dirs: [/usr/lib;/usr/local/lib]
  implicit fwks: [/Library/Frameworks;/System/Library/Frameworks]


Determining if the function png_create_read_struct exists passed with the following output:
Change Dir: /Users/pgao/programming/corgi_detector/src/build/CMakeFiles/CMakeTmp

Run Build Command:"/usr/bin/make" "cmTryCompileExec1419810045/fast"
/Applications/Xcode.app/Contents/Developer/usr/bin/make -f CMakeFiles/cmTryCompileExec1419810045.dir/build.make CMakeFiles/cmTryCompileExec1419810045.dir/build
/usr/local/Cellar/cmake/3.1.1_1/bin/cmake -E cmake_progress_report /Users/pgao/programming/corgi_detector/src/build/CMakeFiles/CMakeTmp/CMakeFiles 1
Building C object CMakeFiles/cmTryCompileExec1419810045.dir/CheckFunctionExists.c.o
/usr/bin/cc   -Qunused-arguments  -DCHECK_FUNCTION_EXISTS=png_create_read_struct   -o CMakeFiles/cmTryCompileExec1419810045.dir/CheckFunctionExists.c.o   -c /usr/local/Cellar/cmake/3.1.1_1/share/cmake/Modules/CheckFunctionExists.c
Linking C executable cmTryCompileExec1419810045
/usr/local/Cellar/cmake/3.1.1_1/bin/cmake -E cmake_link_script CMakeFiles/cmTryCompileExec1419810045.dir/link.txt --verbose=1
/usr/bin/cc  -Qunused-arguments  -DCHECK_FUNCTION_EXISTS=png_create_read_struct -Wl,-search_paths_first -Wl,-headerpad_max_install_names  CMakeFiles/cmTryCompileExec1419810045.dir/CheckFunctionExists.c.o  -o cmTryCompileExec1419810045  /usr/local/lib/libpng.dylib 


Determining if the function jpeg_read_header exists passed with the following output:
Change Dir: /Users/pgao/programming/corgi_detector/src/build/CMakeFiles/CMakeTmp

Run Build Command:"/usr/bin/make" "cmTryCompileExec872429649/fast"
/Applications/Xcode.app/Contents/Developer/usr/bin/make -f CMakeFiles/cmTryCompileExec872429649.dir/build.make CMakeFiles/cmTryCompileExec872429649.dir/build
/usr/local/Cellar/cmake/3.1.1_1/bin/cmake -E cmake_progress_report /Users/pgao/programming/corgi_detector/src/build/CMakeFiles/CMakeTmp/CMakeFiles 1
Building C object CMakeFiles/cmTryCompileExec872429649.dir/CheckFunctionExists.c.o
/usr/bin/cc   -Qunused-arguments  -DCHECK_FUNCTION_EXISTS=jpeg_read_header   -o CMakeFiles/cmTryCompileExec872429649.dir/CheckFunctionExists.c.o   -c /usr/local/Cellar/cmake/3.1.1_1/share/cmake/Modules/CheckFunctionExists.c
Linking C executable cmTryCompileExec872429649
/usr/local/Cellar/cmake/3.1.1_1/bin/cmake -E cmake_link_script CMakeFiles/cmTryCompileExec872429649.dir/link.txt --verbose=1
/usr/bin/cc  -Qunused-arguments  -DCHECK_FUNCTION_EXISTS=jpeg_read_header -Wl,-search_paths_first -Wl,-headerpad_max_install_names  CMakeFiles/cmTryCompileExec872429649.dir/CheckFunctionExists.c.o  -o cmTryCompileExec872429649  /usr/local/lib/libjpeg.dylib 


Determining if the include file sys/types.h exists passed with the following output:
Change Dir: /Users/pgao/programming/corgi_detector/src/build/CMakeFiles/CMakeTmp

Run Build Command:"/usr/bin/make" "cmTryCompileExec1527719071/fast"
/Applications/Xcode.app/Contents/Developer/usr/bin/make -f CMakeFiles/cmTryCompileExec1527719071.dir/build.make CMakeFiles/cmTryCompileExec1527719071.dir/build
/usr/local/Cellar/cmake/3.1.1_1/bin/cmake -E cmake_progress_report /Users/pgao/programming/corgi_detector/src/build/CMakeFiles/CMakeTmp/CMakeFiles 1
Building C object CMakeFiles/cmTryCompileExec1527719071.dir/CheckIncludeFile.c.o
/usr/bin/cc   -Qunused-arguments     -o CMakeFiles/cmTryCompileExec1527719071.dir/CheckIncludeFile.c.o   -c /Users/pgao/programming/corgi_detector/src/build/CMakeFiles/CMakeTmp/CheckIncludeFile.c
Linking C executable cmTryCompileExec1527719071
/usr/local/Cellar/cmake/3.1.1_1/bin/cmake -E cmake_link_script CMakeFiles/cmTryCompileExec1527719071.dir/link.txt --verbose=1
/usr/bin/cc  -Qunused-arguments   -Wl,-search_paths_first -Wl,-headerpad_max_install_names  CMakeFiles/cmTryCompileExec1527719071.dir/CheckIncludeFile.c.o  -o cmTryCompileExec1527719071  


Determining if the include file stdint.h exists passed with the following output:
Change Dir: /Users/pgao/programming/corgi_detector/src/build/CMakeFiles/CMakeTmp

Run Build Command:"/usr/bin/make" "cmTryCompileExec1940475816/fast"
/Applications/Xcode.app/Contents/Developer/usr/bin/make -f CMakeFiles/cmTryCompileExec1940475816.dir/build.make CMakeFiles/cmTryCompileExec1940475816.dir/build
/usr/local/Cellar/cmake/3.1.1_1/bin/cmake -E cmake_progress_report /Users/pgao/programming/corgi_detector/src/build/CMakeFiles/CMakeTmp/CMakeFiles 1
Building C object CMakeFiles/cmTryCompileExec1940475816.dir/CheckIncludeFile.c.o
/usr/bin/cc   -Qunused-arguments     -o CMakeFiles/cmTryCompileExec1940475816.dir/CheckIncludeFile.c.o   -c /Users/pgao/programming/corgi_detector/src/build/CMakeFiles/CMakeTmp/CheckIncludeFile.c
Linking C executable cmTryCompileExec1940475816
/usr/local/Cellar/cmake/3.1.1_1/bin/cmake -E cmake_link_script CMakeFiles/cmTryCompileExec1940475816.dir/link.txt --verbose=1
/usr/bin/cc  -Qunused-arguments   -Wl,-search_paths_first -Wl,-headerpad_max_install_names  CMakeFiles/cmTryCompileExec1940475816.dir/CheckIncludeFile.c.o  -o cmTryCompileExec1940475816  


Determining if the include file stddef.h exists passed with the following output:
Change Dir: /Users/pgao/programming/corgi_detector/src/build/CMakeFiles/CMakeTmp

Run Build Command:"/usr/bin/make" "cmTryCompileExec3253159036/fast"
/Applications/Xcode.app/Contents/Developer/usr/bin/make -f CMakeFiles/cmTryCompileExec3253159036.dir/build.make CMakeFiles/cmTryCompileExec3253159036.dir/build
/usr/local/Cellar/cmake/3.1.1_1/bin/cmake -E cmake_progress_report /Users/pgao/programming/corgi_detector/src/build/CMakeFiles/CMakeTmp/CMakeFiles 1
Building C object CMakeFiles/cmTryCompileExec3253159036.dir/CheckIncludeFile.c.o
/usr/bin/cc   -Qunused-arguments     -o CMakeFiles/cmTryCompileExec3253159036.dir/CheckIncludeFile.c.o   -c /Users/pgao/programming/corgi_detector/src/build/CMakeFiles/CMakeTmp/CheckIncludeFile.c
Linking C executable cmTryCompileExec3253159036
/usr/local/Cellar/cmake/3.1.1_1/bin/cmake -E cmake_link_script CMakeFiles/cmTryCompileExec3253159036.dir/link.txt --verbose=1
/usr/bin/cc  -Qunused-arguments   -Wl,-search_paths_first -Wl,-headerpad_max_install_names  CMakeFiles/cmTryCompileExec3253159036.dir/CheckIncludeFile.c.o  -o cmTryCompileExec3253159036  


Determining size of void* passed with the following output:
Change Dir: /Users/pgao/programming/corgi_detector/src/build/CMakeFiles/CMakeTmp

Run Build Command:"/usr/bin/make" "cmTryCompileExec1057629108/fast"
/Applications/Xcode.app/Contents/Developer/usr/bin/make -f CMakeFiles/cmTryCompileExec1057629108.dir/build.make CMakeFiles/cmTryCompileExec1057629108.dir/build
/usr/local/Cellar/cmake/3.1.1_1/bin/cmake -E cmake_progress_report /Users/pgao/programming/corgi_detector/src/build/CMakeFiles/CMakeTmp/CMakeFiles 1
Building C object CMakeFiles/cmTryCompileExec1057629108.dir/SIZE_OF_VOID_PTR.c.o
/usr/bin/cc   -Qunused-arguments     -o CMakeFiles/cmTryCompileExec1057629108.dir/SIZE_OF_VOID_PTR.c.o   -c /Users/pgao/programming/corgi_detector/src/build/CMakeFiles/CheckTypeSize/SIZE_OF_VOID_PTR.c
Linking C executable cmTryCompileExec1057629108
/usr/local/Cellar/cmake/3.1.1_1/bin/cmake -E cmake_link_script CMakeFiles/cmTryCompileExec1057629108.dir/link.txt --verbose=1
/usr/bin/cc  -Qunused-arguments   -Wl,-search_paths_first -Wl,-headerpad_max_install_names  CMakeFiles/cmTryCompileExec1057629108.dir/SIZE_OF_VOID_PTR.c.o  -o cmTryCompileExec1057629108  /usr/local/lib/libjpeg.dylib 


Determining if the function cblas_ddot exists passed with the following output:
Change Dir: /Users/pgao/programming/corgi_detector/src/build/CMakeFiles/CMakeTmp

Run Build Command:"/usr/bin/make" "cmTryCompileExec2318806742/fast"
/Applications/Xcode.app/Contents/Developer/usr/bin/make -f CMakeFiles/cmTryCompileExec2318806742.dir/build.make CMakeFiles/cmTryCompileExec2318806742.dir/build
/usr/local/Cellar/cmake/3.1.1_1/bin/cmake -E cmake_progress_report /Users/pgao/programming/corgi_detector/src/build/CMakeFiles/CMakeTmp/CMakeFiles 1
Building C object CMakeFiles/cmTryCompileExec2318806742.dir/CheckFunctionExists.c.o
/usr/bin/cc   -Qunused-arguments  -DCHECK_FUNCTION_EXISTS=cblas_ddot   -o CMakeFiles/cmTryCompileExec2318806742.dir/CheckFunctionExists.c.o   -c /usr/local/Cellar/cmake/3.1.1_1/share/cmake/Modules/CheckFunctionExists.c
Linking C executable cmTryCompileExec2318806742
/usr/local/Cellar/cmake/3.1.1_1/bin/cmake -E cmake_link_script CMakeFiles/cmTryCompileExec2318806742.dir/link.txt --verbose=1
/usr/bin/cc  -Qunused-arguments  -DCHECK_FUNCTION_EXISTS=cblas_ddot -Wl,-search_paths_first -Wl,-headerpad_max_install_names  CMakeFiles/cmTryCompileExec2318806742.dir/CheckFunctionExists.c.o  -o cmTryCompileExec2318806742  /usr/lib/libcblas.dylib 


Determining if the CXX compiler has std namespace passed with the following output:
Change Dir: /Users/pgao/programming/corgi_detector/src/build/CMakeFiles/CMakeTmp

Run Build Command:"/usr/bin/make" "cmTryCompileExec1083494200/fast"
/Applications/Xcode.app/Contents/Developer/usr/bin/make -f CMakeFiles/cmTryCompileExec1083494200.dir/build.make CMakeFiles/cmTryCompileExec1083494200.dir/build
/usr/local/Cellar/cmake/3.1.1_1/bin/cmake -E cmake_progress_report /Users/pgao/programming/corgi_detector/src/build/CMakeFiles/CMakeTmp/CMakeFiles 1
Building CXX object CMakeFiles/cmTryCompileExec1083494200.dir/TestForSTDNamespace.cxx.o
/usr/bin/c++     -o CMakeFiles/cmTryCompileExec1083494200.dir/TestForSTDNamespace.cxx.o -c /usr/local/Cellar/cmake/3.1.1_1/share/cmake/Modules/TestForSTDNamespace.cxx
Linking CXX executable cmTryCompileExec1083494200
/usr/local/Cellar/cmake/3.1.1_1/bin/cmake -E cmake_link_script CMakeFiles/cmTryCompileExec1083494200.dir/link.txt --verbose=1
/usr/bin/c++     -Wl,-search_paths_first -Wl,-headerpad_max_install_names  CMakeFiles/cmTryCompileExec1083494200.dir/TestForSTDNamespace.cxx.o  -o cmTryCompileExec1083494200  


Determining if the include file iostream exists passed with the following output:
Change Dir: /Users/pgao/programming/corgi_detector/src/build/CMakeFiles/CMakeTmp

Run Build Command:"/usr/bin/make" "cmTryCompileExec173250737/fast"
/Applications/Xcode.app/Contents/Developer/usr/bin/make -f CMakeFiles/cmTryCompileExec173250737.dir/build.make CMakeFiles/cmTryCompileExec173250737.dir/build
/usr/local/Cellar/cmake/3.1.1_1/bin/cmake -E cmake_progress_report /Users/pgao/programming/corgi_detector/src/build/CMakeFiles/CMakeTmp/CMakeFiles 1
Building CXX object CMakeFiles/cmTryCompileExec173250737.dir/CheckIncludeFile.cxx.o
/usr/bin/c++     -o CMakeFiles/cmTryCompileExec173250737.dir/CheckIncludeFile.cxx.o -c /Users/pgao/programming/corgi_detector/src/build/CMakeFiles/CMakeTmp/CheckIncludeFile.cxx
Linking CXX executable cmTryCompileExec173250737
/usr/local/Cellar/cmake/3.1.1_1/bin/cmake -E cmake_link_script CMakeFiles/cmTryCompileExec173250737.dir/link.txt --verbose=1
/usr/bin/c++     -Wl,-search_paths_first -Wl,-headerpad_max_install_names  CMakeFiles/cmTryCompileExec173250737.dir/CheckIncludeFile.cxx.o  -o cmTryCompileExec173250737  


